  Source.cpp
C:\Users\Damian\source\repos\Projekt Koncowy\Projekt Koncowy\Source.cpp(221,72): warning C4244: 'argument': conversion from 'float' to 'unsigned int', possible loss of data
C:\Users\Damian\source\repos\Projekt Koncowy\Projekt Koncowy\Source.cpp(221,44): warning C4244: 'argument': conversion from 'float' to 'unsigned int', possible loss of data
C:\Users\Damian\source\repos\Projekt Koncowy\Projekt Koncowy\Source.cpp(250,25): warning C4244: 'initializing': conversion from 'double' to 'float', possible loss of data
C:\Users\Damian\source\repos\Projekt Koncowy\Projekt Koncowy\Source.cpp(251,35): warning C4244: 'initializing': conversion from 'int' to 'float', possible loss of data
C:\Users\Damian\source\repos\Projekt Koncowy\Projekt Koncowy\Source.cpp(252,41): warning C4244: 'initializing': conversion from 'int' to 'float', possible loss of data
C:\Users\Damian\source\repos\Projekt Koncowy\Projekt Koncowy\Source.cpp(272,1): warning C4267: 'initializing': conversion from 'size_t' to 'int', possible loss of data
C:\Users\Damian\source\repos\Projekt Koncowy\Projekt Koncowy\Source.cpp(279,1): warning C4267: 'initializing': conversion from 'size_t' to 'int', possible loss of data
C:\Users\Damian\source\repos\Projekt Koncowy\Projekt Koncowy\Source.cpp(286,1): warning C4267: 'initializing': conversion from 'size_t' to 'int', possible loss of data
C:\Users\Damian\source\repos\Projekt Koncowy\Projekt Koncowy\Source.cpp(293,1): warning C4267: 'initializing': conversion from 'size_t' to 'int', possible loss of data
C:\Users\Damian\source\repos\Projekt Koncowy\Projekt Koncowy\Source.cpp(319,15): warning C4244: '=': conversion from 'double' to 'float', possible loss of data
C:\Users\Damian\source\repos\Projekt Koncowy\Projekt Koncowy\Source.cpp(320,20): warning C4244: '=': conversion from 'int' to 'float', possible loss of data
C:\Users\Damian\source\repos\Projekt Koncowy\Projekt Koncowy\Source.cpp(321,24): warning C4244: '=': conversion from 'int' to 'float', possible loss of data
C:\Users\Damian\source\repos\Projekt Koncowy\Projekt Koncowy\Source.cpp(332,71): warning C4244: 'argument': conversion from 'int' to 'T', possible loss of data
C:\Users\Damian\source\repos\Projekt Koncowy\Projekt Koncowy\Source.cpp(332,71): warning C4244:         with
C:\Users\Damian\source\repos\Projekt Koncowy\Projekt Koncowy\Source.cpp(332,71): warning C4244:         [
C:\Users\Damian\source\repos\Projekt Koncowy\Projekt Koncowy\Source.cpp(332,71): warning C4244:             T=float
C:\Users\Damian\source\repos\Projekt Koncowy\Projekt Koncowy\Source.cpp(332,71): warning C4244:         ]
C:\Users\Damian\source\repos\Projekt Koncowy\Projekt Koncowy\Source.cpp(332,45): warning C4244: 'argument': conversion from 'int' to 'T', possible loss of data
C:\Users\Damian\source\repos\Projekt Koncowy\Projekt Koncowy\Source.cpp(332,45): warning C4244:         with
C:\Users\Damian\source\repos\Projekt Koncowy\Projekt Koncowy\Source.cpp(332,45): warning C4244:         [
C:\Users\Damian\source\repos\Projekt Koncowy\Projekt Koncowy\Source.cpp(332,45): warning C4244:             T=float
C:\Users\Damian\source\repos\Projekt Koncowy\Projekt Koncowy\Source.cpp(332,45): warning C4244:         ]
C:\Users\Damian\source\repos\Projekt Koncowy\Projekt Koncowy\Source.cpp(345,66): warning C4244: 'argument': conversion from 'int' to 'T', possible loss of data
C:\Users\Damian\source\repos\Projekt Koncowy\Projekt Koncowy\Source.cpp(345,66): warning C4244:         with
C:\Users\Damian\source\repos\Projekt Koncowy\Projekt Koncowy\Source.cpp(345,66): warning C4244:         [
C:\Users\Damian\source\repos\Projekt Koncowy\Projekt Koncowy\Source.cpp(345,66): warning C4244:             T=float
C:\Users\Damian\source\repos\Projekt Koncowy\Projekt Koncowy\Source.cpp(345,66): warning C4244:         ]
C:\Users\Damian\source\repos\Projekt Koncowy\Projekt Koncowy\Source.cpp(345,43): warning C4244: 'argument': conversion from 'int' to 'T', possible loss of data
C:\Users\Damian\source\repos\Projekt Koncowy\Projekt Koncowy\Source.cpp(345,43): warning C4244:         with
C:\Users\Damian\source\repos\Projekt Koncowy\Projekt Koncowy\Source.cpp(345,43): warning C4244:         [
C:\Users\Damian\source\repos\Projekt Koncowy\Projekt Koncowy\Source.cpp(345,43): warning C4244:             T=float
C:\Users\Damian\source\repos\Projekt Koncowy\Projekt Koncowy\Source.cpp(345,43): warning C4244:         ]
C:\Users\Damian\source\repos\Projekt Koncowy\Projekt Koncowy\Source.cpp(353,13): warning C4244: 'argument': conversion from 'time_t' to 'unsigned int', possible loss of data
C:\Users\Damian\source\repos\Projekt Koncowy\Projekt Koncowy\Source.cpp(416,68): warning C4244: 'argument': conversion from 'int' to 'T', possible loss of data
C:\Users\Damian\source\repos\Projekt Koncowy\Projekt Koncowy\Source.cpp(416,68): warning C4244:         with
C:\Users\Damian\source\repos\Projekt Koncowy\Projekt Koncowy\Source.cpp(416,68): warning C4244:         [
C:\Users\Damian\source\repos\Projekt Koncowy\Projekt Koncowy\Source.cpp(416,68): warning C4244:             T=float
C:\Users\Damian\source\repos\Projekt Koncowy\Projekt Koncowy\Source.cpp(416,68): warning C4244:         ]
C:\Users\Damian\source\repos\Projekt Koncowy\Projekt Koncowy\Source.cpp(416,42): warning C4244: 'argument': conversion from 'int' to 'T', possible loss of data
C:\Users\Damian\source\repos\Projekt Koncowy\Projekt Koncowy\Source.cpp(416,42): warning C4244:         with
C:\Users\Damian\source\repos\Projekt Koncowy\Projekt Koncowy\Source.cpp(416,42): warning C4244:         [
C:\Users\Damian\source\repos\Projekt Koncowy\Projekt Koncowy\Source.cpp(416,42): warning C4244:             T=float
C:\Users\Damian\source\repos\Projekt Koncowy\Projekt Koncowy\Source.cpp(416,42): warning C4244:         ]
C:\Users\Damian\source\repos\Projekt Koncowy\Projekt Koncowy\Source.cpp(461,95): warning C4244: 'argument': conversion from 'int' to 'T', possible loss of data
C:\Users\Damian\source\repos\Projekt Koncowy\Projekt Koncowy\Source.cpp(461,95): warning C4244:         with
C:\Users\Damian\source\repos\Projekt Koncowy\Projekt Koncowy\Source.cpp(461,95): warning C4244:         [
C:\Users\Damian\source\repos\Projekt Koncowy\Projekt Koncowy\Source.cpp(461,95): warning C4244:             T=float
C:\Users\Damian\source\repos\Projekt Koncowy\Projekt Koncowy\Source.cpp(461,95): warning C4244:         ]
C:\Users\Damian\source\repos\Projekt Koncowy\Projekt Koncowy\Source.cpp(461,55): warning C4244: 'argument': conversion from 'int' to 'T', possible loss of data
C:\Users\Damian\source\repos\Projekt Koncowy\Projekt Koncowy\Source.cpp(461,55): warning C4244:         with
C:\Users\Damian\source\repos\Projekt Koncowy\Projekt Koncowy\Source.cpp(461,55): warning C4244:         [
C:\Users\Damian\source\repos\Projekt Koncowy\Projekt Koncowy\Source.cpp(461,55): warning C4244:             T=float
C:\Users\Damian\source\repos\Projekt Koncowy\Projekt Koncowy\Source.cpp(461,55): warning C4244:         ]
C:\Users\Damian\source\repos\Projekt Koncowy\Projekt Koncowy\Source.cpp(474,14): warning C4244: 'initializing': conversion from 'sf::Int32' to 'float', possible loss of data
C:\Users\Damian\source\repos\Projekt Koncowy\Projekt Koncowy\Source.cpp(488,24): warning C4244: 'initializing': conversion from 'sf::Int32' to 'float', possible loss of data
C:\Users\Damian\source\repos\Projekt Koncowy\Projekt Koncowy\Source.cpp(513,16): warning C4244: 'initializing': conversion from 'sf::Int32' to 'float', possible loss of data
C:\Users\Damian\source\repos\Projekt Koncowy\Projekt Koncowy\Source.cpp(528,18): warning C4244: 'initializing': conversion from 'sf::Int32' to 'float', possible loss of data
C:\Users\Damian\source\repos\Projekt Koncowy\Projekt Koncowy\Source.cpp(566,18): warning C4244: 'initializing': conversion from 'sf::Int32' to 'float', possible loss of data
C:\Users\Damian\source\repos\Projekt Koncowy\Projekt Koncowy\Source.cpp(610,18): warning C4244: 'initializing': conversion from 'sf::Int32' to 'float', possible loss of data
C:\Users\Damian\source\repos\Projekt Koncowy\Projekt Koncowy\Source.cpp(622,18): warning C4244: 'initializing': conversion from 'sf::Int32' to 'float', possible loss of data
C:\Users\Damian\source\repos\Projekt Koncowy\Projekt Koncowy\Source.cpp(635,17): warning C4244: 'initializing': conversion from 'sf::Int32' to 'float', possible loss of data
C:\Users\Damian\source\repos\Projekt Koncowy\Projekt Koncowy\Source.cpp(636,28): warning C4244: 'initializing': conversion from 'double' to 'float', possible loss of data
C:\Users\Damian\source\repos\Projekt Koncowy\Projekt Koncowy\Source.cpp(647,27): warning C4244: 'initializing': conversion from 'sf::Int32' to 'float', possible loss of data
C:\Users\Damian\source\repos\Projekt Koncowy\Projekt Koncowy\Source.cpp(668,17): warning C4244: 'initializing': conversion from 'sf::Int32' to 'float', possible loss of data
C:\Users\Damian\source\repos\Projekt Koncowy\Projekt Koncowy\Source.cpp(714,16): warning C4244: 'initializing': conversion from 'sf::Int32' to 'float', possible loss of data
C:\Users\Damian\source\repos\Projekt Koncowy\Projekt Koncowy\Source.cpp(723,16): warning C4244: 'initializing': conversion from 'sf::Int32' to 'float', possible loss of data
C:\Users\Damian\source\repos\Projekt Koncowy\Projekt Koncowy\Source.cpp(799,45): warning C4267: 'initializing': conversion from 'size_t' to 'int', possible loss of data
C:\Users\Damian\source\repos\Projekt Koncowy\Projekt Koncowy\Source.cpp(818,45): warning C4267: 'initializing': conversion from 'size_t' to 'int', possible loss of data
C:\Users\Damian\source\repos\Projekt Koncowy\Projekt Koncowy\Source.cpp(833,45): warning C4267: 'initializing': conversion from 'size_t' to 'int', possible loss of data
  Projekt Koncowy.vcxproj -> C:\Users\Damian\source\repos\Projekt Koncowy\x64\Debug\Projekt Koncowy.exe
