  Source.cpp
C:\Users\Damian\source\repos\Projekt Koncowy\Projekt Koncowy\Source.cpp(221,72): warning C4244: 'argument': conversion from 'float' to 'unsigned int', possible loss of data
C:\Users\Damian\source\repos\Projekt Koncowy\Projekt Koncowy\Source.cpp(221,44): warning C4244: 'argument': conversion from 'float' to 'unsigned int', possible loss of data
C:\Users\Damian\source\repos\Projekt Koncowy\Projekt Koncowy\Source.cpp(250,25): warning C4244: 'initializing': conversion from 'double' to 'float', possible loss of data
C:\Users\Damian\source\repos\Projekt Koncowy\Projekt Koncowy\Source.cpp(251,35): warning C4244: 'initializing': conversion from 'int' to 'float', possible loss of data
C:\Users\Damian\source\repos\Projekt Koncowy\Projekt Koncowy\Source.cpp(252,41): warning C4244: 'initializing': conversion from 'int' to 'float', possible loss of data
C:\Users\Damian\source\repos\Projekt Koncowy\Projekt Koncowy\Source.cpp(271,1): warning C4267: 'initializing': conversion from 'size_t' to 'int', possible loss of data
C:\Users\Damian\source\repos\Projekt Koncowy\Projekt Koncowy\Source.cpp(278,1): warning C4267: 'initializing': conversion from 'size_t' to 'int', possible loss of data
C:\Users\Damian\source\repos\Projekt Koncowy\Projekt Koncowy\Source.cpp(285,1): warning C4267: 'initializing': conversion from 'size_t' to 'int', possible loss of data
C:\Users\Damian\source\repos\Projekt Koncowy\Projekt Koncowy\Source.cpp(292,1): warning C4267: 'initializing': conversion from 'size_t' to 'int', possible loss of data
C:\Users\Damian\source\repos\Projekt Koncowy\Projekt Koncowy\Source.cpp(318,15): warning C4244: '=': conversion from 'double' to 'float', possible loss of data
C:\Users\Damian\source\repos\Projekt Koncowy\Projekt Koncowy\Source.cpp(319,20): warning C4244: '=': conversion from 'int' to 'float', possible loss of data
C:\Users\Damian\source\repos\Projekt Koncowy\Projekt Koncowy\Source.cpp(320,24): warning C4244: '=': conversion from 'int' to 'float', possible loss of data
C:\Users\Damian\source\repos\Projekt Koncowy\Projekt Koncowy\Source.cpp(331,71): warning C4244: 'argument': conversion from 'int' to 'T', possible loss of data
C:\Users\Damian\source\repos\Projekt Koncowy\Projekt Koncowy\Source.cpp(331,71): warning C4244:         with
C:\Users\Damian\source\repos\Projekt Koncowy\Projekt Koncowy\Source.cpp(331,71): warning C4244:         [
C:\Users\Damian\source\repos\Projekt Koncowy\Projekt Koncowy\Source.cpp(331,71): warning C4244:             T=float
C:\Users\Damian\source\repos\Projekt Koncowy\Projekt Koncowy\Source.cpp(331,71): warning C4244:         ]
C:\Users\Damian\source\repos\Projekt Koncowy\Projekt Koncowy\Source.cpp(331,45): warning C4244: 'argument': conversion from 'int' to 'T', possible loss of data
C:\Users\Damian\source\repos\Projekt Koncowy\Projekt Koncowy\Source.cpp(331,45): warning C4244:         with
C:\Users\Damian\source\repos\Projekt Koncowy\Projekt Koncowy\Source.cpp(331,45): warning C4244:         [
C:\Users\Damian\source\repos\Projekt Koncowy\Projekt Koncowy\Source.cpp(331,45): warning C4244:             T=float
C:\Users\Damian\source\repos\Projekt Koncowy\Projekt Koncowy\Source.cpp(331,45): warning C4244:         ]
C:\Users\Damian\source\repos\Projekt Koncowy\Projekt Koncowy\Source.cpp(344,66): warning C4244: 'argument': conversion from 'int' to 'T', possible loss of data
C:\Users\Damian\source\repos\Projekt Koncowy\Projekt Koncowy\Source.cpp(344,66): warning C4244:         with
C:\Users\Damian\source\repos\Projekt Koncowy\Projekt Koncowy\Source.cpp(344,66): warning C4244:         [
C:\Users\Damian\source\repos\Projekt Koncowy\Projekt Koncowy\Source.cpp(344,66): warning C4244:             T=float
C:\Users\Damian\source\repos\Projekt Koncowy\Projekt Koncowy\Source.cpp(344,66): warning C4244:         ]
C:\Users\Damian\source\repos\Projekt Koncowy\Projekt Koncowy\Source.cpp(344,43): warning C4244: 'argument': conversion from 'int' to 'T', possible loss of data
C:\Users\Damian\source\repos\Projekt Koncowy\Projekt Koncowy\Source.cpp(344,43): warning C4244:         with
C:\Users\Damian\source\repos\Projekt Koncowy\Projekt Koncowy\Source.cpp(344,43): warning C4244:         [
C:\Users\Damian\source\repos\Projekt Koncowy\Projekt Koncowy\Source.cpp(344,43): warning C4244:             T=float
C:\Users\Damian\source\repos\Projekt Koncowy\Projekt Koncowy\Source.cpp(344,43): warning C4244:         ]
C:\Users\Damian\source\repos\Projekt Koncowy\Projekt Koncowy\Source.cpp(352,13): warning C4244: 'argument': conversion from 'time_t' to 'unsigned int', possible loss of data
C:\Users\Damian\source\repos\Projekt Koncowy\Projekt Koncowy\Source.cpp(415,68): warning C4244: 'argument': conversion from 'int' to 'T', possible loss of data
C:\Users\Damian\source\repos\Projekt Koncowy\Projekt Koncowy\Source.cpp(415,68): warning C4244:         with
C:\Users\Damian\source\repos\Projekt Koncowy\Projekt Koncowy\Source.cpp(415,68): warning C4244:         [
C:\Users\Damian\source\repos\Projekt Koncowy\Projekt Koncowy\Source.cpp(415,68): warning C4244:             T=float
C:\Users\Damian\source\repos\Projekt Koncowy\Projekt Koncowy\Source.cpp(415,68): warning C4244:         ]
C:\Users\Damian\source\repos\Projekt Koncowy\Projekt Koncowy\Source.cpp(415,42): warning C4244: 'argument': conversion from 'int' to 'T', possible loss of data
C:\Users\Damian\source\repos\Projekt Koncowy\Projekt Koncowy\Source.cpp(415,42): warning C4244:         with
C:\Users\Damian\source\repos\Projekt Koncowy\Projekt Koncowy\Source.cpp(415,42): warning C4244:         [
C:\Users\Damian\source\repos\Projekt Koncowy\Projekt Koncowy\Source.cpp(415,42): warning C4244:             T=float
C:\Users\Damian\source\repos\Projekt Koncowy\Projekt Koncowy\Source.cpp(415,42): warning C4244:         ]
C:\Users\Damian\source\repos\Projekt Koncowy\Projekt Koncowy\Source.cpp(460,95): warning C4244: 'argument': conversion from 'int' to 'T', possible loss of data
C:\Users\Damian\source\repos\Projekt Koncowy\Projekt Koncowy\Source.cpp(460,95): warning C4244:         with
C:\Users\Damian\source\repos\Projekt Koncowy\Projekt Koncowy\Source.cpp(460,95): warning C4244:         [
C:\Users\Damian\source\repos\Projekt Koncowy\Projekt Koncowy\Source.cpp(460,95): warning C4244:             T=float
C:\Users\Damian\source\repos\Projekt Koncowy\Projekt Koncowy\Source.cpp(460,95): warning C4244:         ]
C:\Users\Damian\source\repos\Projekt Koncowy\Projekt Koncowy\Source.cpp(460,55): warning C4244: 'argument': conversion from 'int' to 'T', possible loss of data
C:\Users\Damian\source\repos\Projekt Koncowy\Projekt Koncowy\Source.cpp(460,55): warning C4244:         with
C:\Users\Damian\source\repos\Projekt Koncowy\Projekt Koncowy\Source.cpp(460,55): warning C4244:         [
C:\Users\Damian\source\repos\Projekt Koncowy\Projekt Koncowy\Source.cpp(460,55): warning C4244:             T=float
C:\Users\Damian\source\repos\Projekt Koncowy\Projekt Koncowy\Source.cpp(460,55): warning C4244:         ]
C:\Users\Damian\source\repos\Projekt Koncowy\Projekt Koncowy\Source.cpp(473,14): warning C4244: 'initializing': conversion from 'sf::Int32' to 'float', possible loss of data
C:\Users\Damian\source\repos\Projekt Koncowy\Projekt Koncowy\Source.cpp(487,24): warning C4244: 'initializing': conversion from 'sf::Int32' to 'float', possible loss of data
C:\Users\Damian\source\repos\Projekt Koncowy\Projekt Koncowy\Source.cpp(512,16): warning C4244: 'initializing': conversion from 'sf::Int32' to 'float', possible loss of data
C:\Users\Damian\source\repos\Projekt Koncowy\Projekt Koncowy\Source.cpp(527,18): warning C4244: 'initializing': conversion from 'sf::Int32' to 'float', possible loss of data
C:\Users\Damian\source\repos\Projekt Koncowy\Projekt Koncowy\Source.cpp(565,18): warning C4244: 'initializing': conversion from 'sf::Int32' to 'float', possible loss of data
C:\Users\Damian\source\repos\Projekt Koncowy\Projekt Koncowy\Source.cpp(609,18): warning C4244: 'initializing': conversion from 'sf::Int32' to 'float', possible loss of data
C:\Users\Damian\source\repos\Projekt Koncowy\Projekt Koncowy\Source.cpp(621,18): warning C4244: 'initializing': conversion from 'sf::Int32' to 'float', possible loss of data
C:\Users\Damian\source\repos\Projekt Koncowy\Projekt Koncowy\Source.cpp(634,17): warning C4244: 'initializing': conversion from 'sf::Int32' to 'float', possible loss of data
C:\Users\Damian\source\repos\Projekt Koncowy\Projekt Koncowy\Source.cpp(635,28): warning C4244: 'initializing': conversion from 'double' to 'float', possible loss of data
C:\Users\Damian\source\repos\Projekt Koncowy\Projekt Koncowy\Source.cpp(646,27): warning C4244: 'initializing': conversion from 'sf::Int32' to 'float', possible loss of data
C:\Users\Damian\source\repos\Projekt Koncowy\Projekt Koncowy\Source.cpp(667,17): warning C4244: 'initializing': conversion from 'sf::Int32' to 'float', possible loss of data
C:\Users\Damian\source\repos\Projekt Koncowy\Projekt Koncowy\Source.cpp(713,16): warning C4244: 'initializing': conversion from 'sf::Int32' to 'float', possible loss of data
C:\Users\Damian\source\repos\Projekt Koncowy\Projekt Koncowy\Source.cpp(722,16): warning C4244: 'initializing': conversion from 'sf::Int32' to 'float', possible loss of data
C:\Users\Damian\source\repos\Projekt Koncowy\Projekt Koncowy\Source.cpp(798,45): warning C4267: 'initializing': conversion from 'size_t' to 'int', possible loss of data
C:\Users\Damian\source\repos\Projekt Koncowy\Projekt Koncowy\Source.cpp(817,45): warning C4267: 'initializing': conversion from 'size_t' to 'int', possible loss of data
C:\Users\Damian\source\repos\Projekt Koncowy\Projekt Koncowy\Source.cpp(831,45): warning C4267: 'initializing': conversion from 'size_t' to 'int', possible loss of data
  Generating code
  3 of 239 functions ( 1.3%) were compiled, the rest were copied from previous compilation.
    2 functions were new in current compilation
    0 functions had inline decision re-evaluated but remain unchanged
  Finished generating code
  Projekt Koncowy.vcxproj -> C:\Users\Damian\source\repos\Projekt Koncowy\x64\Release\Projekt Koncowy.exe
